{"/Users/martin/WebstormProjects/mrx3k1/mxster/pwa/src/services/gameLogic.ts": {"path":"/Users/martin/WebstormProjects/mrx3k1/mxster/pwa/src/services/gameLogic.ts","statementMap":{"0":{"start":{"line":36,"column":21},"end":{"line":36,"column":null}},"1":{"start":{"line":39,"column":22},"end":{"line":39,"column":null}},"2":{"start":{"line":42,"column":18},"end":{"line":42,"column":null}},"3":{"start":{"line":43,"column":20},"end":{"line":43,"column":null}},"4":{"start":{"line":46,"column":25},"end":{"line":46,"column":null}},"5":{"start":{"line":49,"column":8},"end":{"line":49,"column":null}},"6":{"start":{"line":51,"column":2},"end":{"line":57,"column":null}},"7":{"start":{"line":83,"column":27},"end":{"line":87,"column":null}},"8":{"start":{"line":88,"column":22},"end":{"line":88,"column":null}},"9":{"start":{"line":89,"column":2},"end":{"line":89,"column":null}},"10":{"start":{"line":96,"column":2},"end":{"line":96,"column":null}},"11":{"start":{"line":96,"column":38},"end":{"line":96,"column":53}},"12":{"start":{"line":103,"column":2},"end":{"line":103,"column":null}},"13":{"start":{"line":103,"column":28},"end":{"line":103,"column":null}},"14":{"start":{"line":105,"column":2},"end":{"line":109,"column":null}},"15":{"start":{"line":105,"column":15},"end":{"line":105,"column":18}},"16":{"start":{"line":106,"column":4},"end":{"line":108,"column":null}},"17":{"start":{"line":107,"column":6},"end":{"line":107,"column":null}},"18":{"start":{"line":111,"column":2},"end":{"line":111,"column":null}},"19":{"start":{"line":130,"column":15},"end":{"line":130,"column":null}},"20":{"start":{"line":133,"column":2},"end":{"line":135,"column":null}},"21":{"start":{"line":134,"column":4},"end":{"line":134,"column":null}},"22":{"start":{"line":138,"column":2},"end":{"line":140,"column":null}},"23":{"start":{"line":139,"column":4},"end":{"line":139,"column":null}},"24":{"start":{"line":143,"column":2},"end":{"line":149,"column":null}},"25":{"start":{"line":144,"column":4},"end":{"line":144,"column":null}},"26":{"start":{"line":145,"column":2},"end":{"line":149,"column":null}},"27":{"start":{"line":146,"column":4},"end":{"line":146,"column":null}},"28":{"start":{"line":147,"column":2},"end":{"line":149,"column":null}},"29":{"start":{"line":148,"column":4},"end":{"line":148,"column":null}},"30":{"start":{"line":151,"column":2},"end":{"line":151,"column":null}},"31":{"start":{"line":158,"column":2},"end":{"line":161,"column":null}},"32":{"start":{"line":168,"column":2},"end":{"line":171,"column":null}},"33":{"start":{"line":193,"column":17},"end":{"line":193,"column":null}},"34":{"start":{"line":196,"column":39},"end":{"line":201,"column":null}},"35":{"start":{"line":204,"column":2},"end":{"line":234,"column":null}},"36":{"start":{"line":206,"column":4},"end":{"line":231,"column":null}},"37":{"start":{"line":208,"column":33},"end":{"line":208,"column":null}},"38":{"start":{"line":208,"column":54},"end":{"line":208,"column":67}},"39":{"start":{"line":210,"column":6},"end":{"line":230,"column":null}},"40":{"start":{"line":212,"column":27},"end":{"line":212,"column":null}},"41":{"start":{"line":213,"column":24},"end":{"line":213,"column":null}},"42":{"start":{"line":215,"column":8},"end":{"line":220,"column":null}},"43":{"start":{"line":216,"column":10},"end":{"line":219,"column":null}},"44":{"start":{"line":217,"column":12},"end":{"line":217,"column":null}},"45":{"start":{"line":218,"column":12},"end":{"line":218,"column":null}},"46":{"start":{"line":222,"column":23},"end":{"line":222,"column":null}},"47":{"start":{"line":224,"column":8},"end":{"line":229,"column":null}},"48":{"start":{"line":233,"column":4},"end":{"line":233,"column":null}},"49":{"start":{"line":237,"column":2},"end":{"line":248,"column":null}},"50":{"start":{"line":238,"column":4},"end":{"line":245,"column":null}},"51":{"start":{"line":239,"column":6},"end":{"line":244,"column":null}},"52":{"start":{"line":247,"column":4},"end":{"line":247,"column":null}},"53":{"start":{"line":250,"column":2},"end":{"line":250,"column":null}},"54":{"start":{"line":265,"column":25},"end":{"line":268,"column":null}},"55":{"start":{"line":266,"column":19},"end":{"line":266,"column":null}},"56":{"start":{"line":267,"column":4},"end":{"line":267,"column":null}},"57":{"start":{"line":271,"column":2},"end":{"line":273,"column":null}},"58":{"start":{"line":272,"column":4},"end":{"line":272,"column":null}},"59":{"start":{"line":276,"column":22},"end":{"line":276,"column":null}},"60":{"start":{"line":277,"column":2},"end":{"line":277,"column":null}},"61":{"start":{"line":284,"column":2},"end":{"line":287,"column":null}},"62":{"start":{"line":285,"column":19},"end":{"line":285,"column":null}},"63":{"start":{"line":286,"column":4},"end":{"line":286,"column":null}},"64":{"start":{"line":298,"column":2},"end":{"line":298,"column":null}},"65":{"start":{"line":311,"column":6},"end":{"line":311,"column":null}},"66":{"start":{"line":314,"column":2},"end":{"line":321,"column":null}},"67":{"start":{"line":316,"column":4},"end":{"line":320,"column":null}},"68":{"start":{"line":317,"column":12},"end":{"line":317,"column":null}},"69":{"start":{"line":318,"column":6},"end":{"line":318,"column":null}},"70":{"start":{"line":319,"column":6},"end":{"line":319,"column":null}},"71":{"start":{"line":323,"column":2},"end":{"line":323,"column":null}},"72":{"start":{"line":334,"column":17},"end":{"line":334,"column":null}},"73":{"start":{"line":336,"column":2},"end":{"line":338,"column":null}},"74":{"start":{"line":337,"column":4},"end":{"line":337,"column":null}},"75":{"start":{"line":340,"column":2},"end":{"line":340,"column":null}},"76":{"start":{"line":347,"column":17},"end":{"line":347,"column":null}},"77":{"start":{"line":348,"column":2},"end":{"line":348,"column":null}}},"fnMap":{"0":{"name":"validateGuess","decl":{"start":{"line":29,"column":16},"end":{"line":29,"column":null}},"loc":{"start":{"line":34,"column":25},"end":{"line":58,"column":null}},"line":34},"1":{"name":"placeCardInTimeline","decl":{"start":{"line":72,"column":16},"end":{"line":72,"column":null}},"loc":{"start":{"line":81,"column":10},"end":{"line":90,"column":null}},"line":81},"2":{"name":"sortTimelineByYear","decl":{"start":{"line":95,"column":16},"end":{"line":95,"column":35}},"loc":{"start":{"line":95,"column":61},"end":{"line":97,"column":null}},"line":95},"3":{"name":"(anonymous_3)","decl":{"start":{"line":96,"column":28},"end":{"line":96,"column":29}},"loc":{"start":{"line":96,"column":38},"end":{"line":96,"column":53}},"line":96},"4":{"name":"isTimelineValid","decl":{"start":{"line":102,"column":16},"end":{"line":102,"column":32}},"loc":{"start":{"line":102,"column":59},"end":{"line":112,"column":null}},"line":102},"5":{"name":"calculatePoints","decl":{"start":{"line":125,"column":16},"end":{"line":125,"column":null}},"loc":{"start":{"line":129,"column":10},"end":{"line":152,"column":null}},"line":129},"6":{"name":"updatePlayerScore","decl":{"start":{"line":157,"column":16},"end":{"line":157,"column":34}},"loc":{"start":{"line":157,"column":74},"end":{"line":162,"column":null}},"line":157},"7":{"name":"incrementPlayerCards","decl":{"start":{"line":167,"column":16},"end":{"line":167,"column":37}},"loc":{"start":{"line":167,"column":61},"end":{"line":172,"column":null}},"line":167},"8":{"name":"checkWinCondition","decl":{"start":{"line":188,"column":16},"end":{"line":188,"column":null}},"loc":{"start":{"line":192,"column":22},"end":{"line":251,"column":null}},"line":192},"9":{"name":"(anonymous_9)","decl":{"start":{"line":208,"column":47},"end":{"line":208,"column":48}},"loc":{"start":{"line":208,"column":54},"end":{"line":208,"column":67}},"line":208},"10":{"name":"(anonymous_10)","decl":{"start":{"line":215,"column":24},"end":{"line":215,"column":25}},"loc":{"start":{"line":215,"column":36},"end":{"line":220,"column":9}},"line":215},"11":{"name":"selectRandomSong","decl":{"start":{"line":263,"column":16},"end":{"line":263,"column":33}},"loc":{"start":{"line":263,"column":87},"end":{"line":278,"column":null}},"line":263},"12":{"name":"(anonymous_12)","decl":{"start":{"line":265,"column":41},"end":{"line":265,"column":42}},"loc":{"start":{"line":265,"column":51},"end":{"line":268,"column":3}},"line":265},"13":{"name":"getRemainingSongsCount","decl":{"start":{"line":283,"column":16},"end":{"line":283,"column":39}},"loc":{"start":{"line":283,"column":88},"end":{"line":288,"column":null}},"line":283},"14":{"name":"(anonymous_14)","decl":{"start":{"line":284,"column":25},"end":{"line":284,"column":26}},"loc":{"start":{"line":284,"column":35},"end":{"line":287,"column":3}},"line":284},"15":{"name":"getNextPlayerIndex","decl":{"start":{"line":297,"column":16},"end":{"line":297,"column":35}},"loc":{"start":{"line":297,"column":88},"end":{"line":299,"column":null}},"line":297},"16":{"name":"getNextDJIndex","decl":{"start":{"line":304,"column":16},"end":{"line":304,"column":null}},"loc":{"start":{"line":310,"column":42},"end":{"line":324,"column":null}},"line":310},"17":{"name":"addToPlayedSongs","decl":{"start":{"line":333,"column":16},"end":{"line":333,"column":33}},"loc":{"start":{"line":333,"column":78},"end":{"line":341,"column":null}},"line":333},"18":{"name":"isSongPlayed","decl":{"start":{"line":346,"column":16},"end":{"line":346,"column":29}},"loc":{"start":{"line":346,"column":73},"end":{"line":349,"column":null}},"line":346}},"branchMap":{"0":{"loc":{"start":{"line":36,"column":21},"end":{"line":36,"column":null}},"type":"cond-expr","locations":[{"start":{"line":36,"column":21},"end":{"line":36,"column":71}},{"start":{"line":36,"column":71},"end":{"line":36,"column":null}}],"line":36},"1":{"loc":{"start":{"line":39,"column":22},"end":{"line":39,"column":null}},"type":"cond-expr","locations":[{"start":{"line":39,"column":22},"end":{"line":39,"column":75}},{"start":{"line":39,"column":75},"end":{"line":39,"column":null}}],"line":39},"2":{"loc":{"start":{"line":43,"column":20},"end":{"line":43,"column":null}},"type":"binary-expr","locations":[{"start":{"line":43,"column":20},"end":{"line":43,"column":39}},{"start":{"line":43,"column":39},"end":{"line":43,"column":null}}],"line":43},"3":{"loc":{"start":{"line":46,"column":25},"end":{"line":46,"column":null}},"type":"cond-expr","locations":[{"start":{"line":46,"column":43},"end":{"line":46,"column":75}},{"start":{"line":46,"column":75},"end":{"line":46,"column":null}}],"line":46},"4":{"loc":{"start":{"line":49,"column":24},"end":{"line":49,"column":47}},"type":"cond-expr","locations":[{"start":{"line":49,"column":37},"end":{"line":49,"column":41}},{"start":{"line":49,"column":41},"end":{"line":49,"column":47}}],"line":49},"5":{"loc":{"start":{"line":49,"column":47},"end":{"line":49,"column":71}},"type":"cond-expr","locations":[{"start":{"line":49,"column":61},"end":{"line":49,"column":65}},{"start":{"line":49,"column":65},"end":{"line":49,"column":71}}],"line":49},"6":{"loc":{"start":{"line":49,"column":71},"end":{"line":49,"column":null}},"type":"cond-expr","locations":[{"start":{"line":49,"column":83},"end":{"line":49,"column":87}},{"start":{"line":49,"column":87},"end":{"line":49,"column":null}}],"line":49},"7":{"loc":{"start":{"line":85,"column":8},"end":{"line":85,"column":null}},"type":"binary-expr","locations":[{"start":{"line":85,"column":8},"end":{"line":85,"column":32}},{"start":{"line":85,"column":32},"end":{"line":85,"column":null}}],"line":85},"8":{"loc":{"start":{"line":86,"column":8},"end":{"line":86,"column":null}},"type":"binary-expr","locations":[{"start":{"line":86,"column":8},"end":{"line":86,"column":24}},{"start":{"line":86,"column":24},"end":{"line":86,"column":null}}],"line":86},"9":{"loc":{"start":{"line":103,"column":2},"end":{"line":103,"column":null}},"type":"if","locations":[{"start":{"line":103,"column":2},"end":{"line":103,"column":null}},{"start":{},"end":{}}],"line":103},"10":{"loc":{"start":{"line":106,"column":4},"end":{"line":108,"column":null}},"type":"if","locations":[{"start":{"line":106,"column":4},"end":{"line":108,"column":null}},{"start":{},"end":{}}],"line":106},"11":{"loc":{"start":{"line":133,"column":2},"end":{"line":135,"column":null}},"type":"if","locations":[{"start":{"line":133,"column":2},"end":{"line":135,"column":null}},{"start":{},"end":{}}],"line":133},"12":{"loc":{"start":{"line":138,"column":2},"end":{"line":140,"column":null}},"type":"if","locations":[{"start":{"line":138,"column":2},"end":{"line":140,"column":null}},{"start":{},"end":{}}],"line":138},"13":{"loc":{"start":{"line":143,"column":2},"end":{"line":149,"column":null}},"type":"if","locations":[{"start":{"line":143,"column":2},"end":{"line":149,"column":null}},{"start":{"line":145,"column":2},"end":{"line":149,"column":null}}],"line":143},"14":{"loc":{"start":{"line":145,"column":2},"end":{"line":149,"column":null}},"type":"if","locations":[{"start":{"line":145,"column":2},"end":{"line":149,"column":null}},{"start":{"line":147,"column":2},"end":{"line":149,"column":null}}],"line":145},"15":{"loc":{"start":{"line":147,"column":2},"end":{"line":149,"column":null}},"type":"if","locations":[{"start":{"line":147,"column":2},"end":{"line":149,"column":null}},{"start":{},"end":{}}],"line":147},"16":{"loc":{"start":{"line":204,"column":2},"end":{"line":234,"column":null}},"type":"if","locations":[{"start":{"line":204,"column":2},"end":{"line":234,"column":null}},{"start":{},"end":{}}],"line":204},"17":{"loc":{"start":{"line":206,"column":4},"end":{"line":231,"column":null}},"type":"if","locations":[{"start":{"line":206,"column":4},"end":{"line":231,"column":null}},{"start":{},"end":{}}],"line":206},"18":{"loc":{"start":{"line":210,"column":6},"end":{"line":230,"column":null}},"type":"if","locations":[{"start":{"line":210,"column":6},"end":{"line":230,"column":null}},{"start":{},"end":{}}],"line":210},"19":{"loc":{"start":{"line":216,"column":10},"end":{"line":219,"column":null}},"type":"if","locations":[{"start":{"line":216,"column":10},"end":{"line":219,"column":null}},{"start":{},"end":{}}],"line":216},"20":{"loc":{"start":{"line":237,"column":2},"end":{"line":248,"column":null}},"type":"if","locations":[{"start":{"line":237,"column":2},"end":{"line":248,"column":null}},{"start":{},"end":{}}],"line":237},"21":{"loc":{"start":{"line":237,"column":6},"end":{"line":237,"column":74}},"type":"binary-expr","locations":[{"start":{"line":237,"column":6},"end":{"line":237,"column":42}},{"start":{"line":237,"column":42},"end":{"line":237,"column":74}}],"line":237},"22":{"loc":{"start":{"line":238,"column":4},"end":{"line":245,"column":null}},"type":"if","locations":[{"start":{"line":238,"column":4},"end":{"line":245,"column":null}},{"start":{},"end":{}}],"line":238},"23":{"loc":{"start":{"line":266,"column":19},"end":{"line":266,"column":null}},"type":"binary-expr","locations":[{"start":{"line":266,"column":19},"end":{"line":266,"column":37}},{"start":{"line":266,"column":37},"end":{"line":266,"column":null}}],"line":266},"24":{"loc":{"start":{"line":271,"column":2},"end":{"line":273,"column":null}},"type":"if","locations":[{"start":{"line":271,"column":2},"end":{"line":273,"column":null}},{"start":{},"end":{}}],"line":271},"25":{"loc":{"start":{"line":285,"column":19},"end":{"line":285,"column":null}},"type":"binary-expr","locations":[{"start":{"line":285,"column":19},"end":{"line":285,"column":37}},{"start":{"line":285,"column":37},"end":{"line":285,"column":null}}],"line":285},"26":{"loc":{"start":{"line":314,"column":2},"end":{"line":321,"column":null}},"type":"if","locations":[{"start":{"line":314,"column":2},"end":{"line":321,"column":null}},{"start":{},"end":{}}],"line":314},"27":{"loc":{"start":{"line":314,"column":6},"end":{"line":314,"column":61}},"type":"binary-expr","locations":[{"start":{"line":314,"column":6},"end":{"line":314,"column":36}},{"start":{"line":314,"column":36},"end":{"line":314,"column":61}}],"line":314},"28":{"loc":{"start":{"line":316,"column":4},"end":{"line":320,"column":null}},"type":"if","locations":[{"start":{"line":316,"column":4},"end":{"line":320,"column":null}},{"start":{},"end":{}}],"line":316},"29":{"loc":{"start":{"line":334,"column":17},"end":{"line":334,"column":null}},"type":"binary-expr","locations":[{"start":{"line":334,"column":17},"end":{"line":334,"column":35}},{"start":{"line":334,"column":35},"end":{"line":334,"column":null}}],"line":334},"30":{"loc":{"start":{"line":336,"column":2},"end":{"line":338,"column":null}},"type":"if","locations":[{"start":{"line":336,"column":2},"end":{"line":338,"column":null}},{"start":{},"end":{}}],"line":336},"31":{"loc":{"start":{"line":347,"column":17},"end":{"line":347,"column":null}},"type":"binary-expr","locations":[{"start":{"line":347,"column":17},"end":{"line":347,"column":35}},{"start":{"line":347,"column":35},"end":{"line":347,"column":null}}],"line":347}},"s":{"0":9,"1":9,"2":9,"3":9,"4":9,"5":9,"6":9,"7":6,"8":6,"9":6,"10":8,"11":8,"12":5,"13":2,"14":3,"15":3,"16":5,"17":1,"18":2,"19":12,"20":12,"21":6,"22":12,"23":6,"24":12,"25":4,"26":8,"27":2,"28":6,"29":2,"30":12,"31":2,"32":2,"33":7,"34":7,"35":7,"36":4,"37":4,"38":9,"39":4,"40":3,"41":3,"42":3,"43":7,"44":4,"45":4,"46":3,"47":3,"48":1,"49":3,"50":3,"51":2,"52":1,"53":0,"54":4,"55":11,"56":11,"57":4,"58":1,"59":3,"60":3,"61":3,"62":9,"63":9,"64":5,"65":4,"66":4,"67":2,"68":1,"69":1,"70":1,"71":3,"72":4,"73":4,"74":1,"75":3,"76":3,"77":3},"f":{"0":9,"1":6,"2":8,"3":8,"4":5,"5":12,"6":2,"7":2,"8":7,"9":9,"10":7,"11":4,"12":11,"13":3,"14":9,"15":5,"16":4,"17":4,"18":3},"b":{"0":[8,1],"1":[8,1],"2":[9,7],"3":[7,2],"4":[4,5],"5":[4,5],"6":[4,5],"7":[6,2],"8":[6,1],"9":[2,3],"10":[1,4],"11":[6,6],"12":[6,6],"13":[4,8],"14":[2,6],"15":[2,4],"16":[4,3],"17":[4,0],"18":[3,1],"19":[4,3],"20":[3,0],"21":[3,1],"22":[2,1],"23":[11,2],"24":[1,3],"25":[9,0],"26":[2,2],"27":[4,3],"28":[1,1],"29":[4,1],"30":[1,3],"31":[3,0]},"meta":{"lastBranch":32,"lastFunction":19,"lastStatement":78,"seen":{"f:29:16:29:Infinity":0,"s:36:21:36:Infinity":0,"b:36:21:36:71:36:71:36:Infinity":0,"s:39:22:39:Infinity":1,"b:39:22:39:75:39:75:39:Infinity":1,"s:42:18:42:Infinity":2,"s:43:20:43:Infinity":3,"b:43:20:43:39:43:39:43:Infinity":2,"s:46:25:46:Infinity":4,"b:46:43:46:75:46:75:46:Infinity":3,"s:49:8:49:Infinity":5,"b:49:37:49:41:49:41:49:47":4,"b:49:61:49:65:49:65:49:71":5,"b:49:83:49:87:49:87:49:Infinity":6,"s:51:2:57:Infinity":6,"f:72:16:72:Infinity":1,"s:83:27:87:Infinity":7,"b:85:8:85:32:85:32:85:Infinity":7,"b:86:8:86:24:86:24:86:Infinity":8,"s:88:22:88:Infinity":8,"s:89:2:89:Infinity":9,"f:95:16:95:35":2,"s:96:2:96:Infinity":10,"f:96:28:96:29":3,"s:96:38:96:53":11,"f:102:16:102:32":4,"b:103:2:103:Infinity:undefined:undefined:undefined:undefined":9,"s:103:2:103:Infinity":12,"s:103:28:103:Infinity":13,"s:105:2:109:Infinity":14,"s:105:15:105:18":15,"b:106:4:108:Infinity:undefined:undefined:undefined:undefined":10,"s:106:4:108:Infinity":16,"s:107:6:107:Infinity":17,"s:111:2:111:Infinity":18,"f:125:16:125:Infinity":5,"s:130:15:130:Infinity":19,"b:133:2:135:Infinity:undefined:undefined:undefined:undefined":11,"s:133:2:135:Infinity":20,"s:134:4:134:Infinity":21,"b:138:2:140:Infinity:undefined:undefined:undefined:undefined":12,"s:138:2:140:Infinity":22,"s:139:4:139:Infinity":23,"b:143:2:149:Infinity:145:2:149:Infinity":13,"s:143:2:149:Infinity":24,"s:144:4:144:Infinity":25,"b:145:2:149:Infinity:147:2:149:Infinity":14,"s:145:2:149:Infinity":26,"s:146:4:146:Infinity":27,"b:147:2:149:Infinity:undefined:undefined:undefined:undefined":15,"s:147:2:149:Infinity":28,"s:148:4:148:Infinity":29,"s:151:2:151:Infinity":30,"f:157:16:157:34":6,"s:158:2:161:Infinity":31,"f:167:16:167:37":7,"s:168:2:171:Infinity":32,"f:188:16:188:Infinity":8,"s:193:17:193:Infinity":33,"s:196:39:201:Infinity":34,"b:204:2:234:Infinity:undefined:undefined:undefined:undefined":16,"s:204:2:234:Infinity":35,"b:206:4:231:Infinity:undefined:undefined:undefined:undefined":17,"s:206:4:231:Infinity":36,"s:208:33:208:Infinity":37,"f:208:47:208:48":9,"s:208:54:208:67":38,"b:210:6:230:Infinity:undefined:undefined:undefined:undefined":18,"s:210:6:230:Infinity":39,"s:212:27:212:Infinity":40,"s:213:24:213:Infinity":41,"s:215:8:220:Infinity":42,"f:215:24:215:25":10,"b:216:10:219:Infinity:undefined:undefined:undefined:undefined":19,"s:216:10:219:Infinity":43,"s:217:12:217:Infinity":44,"s:218:12:218:Infinity":45,"s:222:23:222:Infinity":46,"s:224:8:229:Infinity":47,"s:233:4:233:Infinity":48,"b:237:2:248:Infinity:undefined:undefined:undefined:undefined":20,"s:237:2:248:Infinity":49,"b:237:6:237:42:237:42:237:74":21,"b:238:4:245:Infinity:undefined:undefined:undefined:undefined":22,"s:238:4:245:Infinity":50,"s:239:6:244:Infinity":51,"s:247:4:247:Infinity":52,"s:250:2:250:Infinity":53,"f:263:16:263:33":11,"s:265:25:268:Infinity":54,"f:265:41:265:42":12,"s:266:19:266:Infinity":55,"b:266:19:266:37:266:37:266:Infinity":23,"s:267:4:267:Infinity":56,"b:271:2:273:Infinity:undefined:undefined:undefined:undefined":24,"s:271:2:273:Infinity":57,"s:272:4:272:Infinity":58,"s:276:22:276:Infinity":59,"s:277:2:277:Infinity":60,"f:283:16:283:39":13,"s:284:2:287:Infinity":61,"f:284:25:284:26":14,"s:285:19:285:Infinity":62,"b:285:19:285:37:285:37:285:Infinity":25,"s:286:4:286:Infinity":63,"f:297:16:297:35":15,"s:298:2:298:Infinity":64,"f:304:16:304:Infinity":16,"s:311:6:311:Infinity":65,"b:314:2:321:Infinity:undefined:undefined:undefined:undefined":26,"s:314:2:321:Infinity":66,"b:314:6:314:36:314:36:314:61":27,"b:316:4:320:Infinity:undefined:undefined:undefined:undefined":28,"s:316:4:320:Infinity":67,"s:317:12:317:Infinity":68,"s:318:6:318:Infinity":69,"s:319:6:319:Infinity":70,"s:323:2:323:Infinity":71,"f:333:16:333:33":17,"s:334:17:334:Infinity":72,"b:334:17:334:35:334:35:334:Infinity":29,"b:336:2:338:Infinity:undefined:undefined:undefined:undefined":30,"s:336:2:338:Infinity":73,"s:337:4:337:Infinity":74,"s:340:2:340:Infinity":75,"f:346:16:346:29":18,"s:347:17:347:Infinity":76,"b:347:17:347:35:347:35:347:Infinity":31,"s:348:2:348:Infinity":77}}}
,"/Users/martin/WebstormProjects/mrx3k1/mxster/pwa/src/utils/textMatcher.ts": {"path":"/Users/martin/WebstormProjects/mrx3k1/mxster/pwa/src/utils/textMatcher.ts","statementMap":{"0":{"start":{"line":18,"column":2},"end":{"line":18,"column":null}},"1":{"start":{"line":18,"column":13},"end":{"line":18,"column":null}},"2":{"start":{"line":20,"column":25},"end":{"line":48,"column":null}},"3":{"start":{"line":50,"column":16},"end":{"line":50,"column":null}},"4":{"start":{"line":51,"column":2},"end":{"line":53,"column":null}},"5":{"start":{"line":52,"column":4},"end":{"line":52,"column":null}},"6":{"start":{"line":55,"column":2},"end":{"line":55,"column":null}},"7":{"start":{"line":62,"column":2},"end":{"line":62,"column":null}},"8":{"start":{"line":62,"column":13},"end":{"line":62,"column":null}},"9":{"start":{"line":64,"column":2},"end":{"line":75,"column":null}},"10":{"start":{"line":90,"column":2},"end":{"line":90,"column":null}},"11":{"start":{"line":90,"column":13},"end":{"line":90,"column":null}},"12":{"start":{"line":92,"column":19},"end":{"line":97,"column":null}},"13":{"start":{"line":100,"column":2},"end":{"line":100,"column":null}},"14":{"start":{"line":103,"column":2},"end":{"line":112,"column":null}},"15":{"start":{"line":115,"column":2},"end":{"line":115,"column":null}},"16":{"start":{"line":117,"column":2},"end":{"line":117,"column":null}},"17":{"start":{"line":129,"column":2},"end":{"line":129,"column":null}},"18":{"start":{"line":129,"column":16},"end":{"line":129,"column":null}},"19":{"start":{"line":130,"column":2},"end":{"line":130,"column":null}},"20":{"start":{"line":130,"column":15},"end":{"line":130,"column":null}},"21":{"start":{"line":132,"column":29},"end":{"line":132,"column":null}},"22":{"start":{"line":135,"column":2},"end":{"line":137,"column":null}},"23":{"start":{"line":135,"column":15},"end":{"line":135,"column":18}},"24":{"start":{"line":136,"column":4},"end":{"line":136,"column":null}},"25":{"start":{"line":140,"column":2},"end":{"line":142,"column":null}},"26":{"start":{"line":140,"column":15},"end":{"line":140,"column":18}},"27":{"start":{"line":141,"column":4},"end":{"line":141,"column":null}},"28":{"start":{"line":145,"column":2},"end":{"line":157,"column":null}},"29":{"start":{"line":145,"column":15},"end":{"line":145,"column":18}},"30":{"start":{"line":146,"column":4},"end":{"line":156,"column":null}},"31":{"start":{"line":146,"column":17},"end":{"line":146,"column":20}},"32":{"start":{"line":147,"column":6},"end":{"line":155,"column":null}},"33":{"start":{"line":148,"column":8},"end":{"line":148,"column":null}},"34":{"start":{"line":150,"column":8},"end":{"line":154,"column":null}},"35":{"start":{"line":159,"column":2},"end":{"line":159,"column":null}},"36":{"start":{"line":171,"column":2},"end":{"line":171,"column":null}},"37":{"start":{"line":171,"column":26},"end":{"line":171,"column":null}},"38":{"start":{"line":174,"column":26},"end":{"line":174,"column":null}},"39":{"start":{"line":175,"column":28},"end":{"line":175,"column":null}},"40":{"start":{"line":178,"column":2},"end":{"line":185,"column":null}},"41":{"start":{"line":180,"column":25},"end":{"line":180,"column":null}},"42":{"start":{"line":181,"column":4},"end":{"line":181,"column":null}},"43":{"start":{"line":183,"column":4},"end":{"line":183,"column":null}},"44":{"start":{"line":184,"column":4},"end":{"line":184,"column":null}},"45":{"start":{"line":188,"column":2},"end":{"line":190,"column":null}},"46":{"start":{"line":189,"column":4},"end":{"line":189,"column":null}},"47":{"start":{"line":193,"column":2},"end":{"line":198,"column":null}},"48":{"start":{"line":197,"column":4},"end":{"line":197,"column":null}},"49":{"start":{"line":201,"column":19},"end":{"line":201,"column":null}},"50":{"start":{"line":202,"column":18},"end":{"line":202,"column":null}},"51":{"start":{"line":204,"column":2},"end":{"line":206,"column":null}},"52":{"start":{"line":205,"column":4},"end":{"line":205,"column":null}},"53":{"start":{"line":208,"column":2},"end":{"line":208,"column":null}},"54":{"start":{"line":224,"column":21},"end":{"line":224,"column":null}},"55":{"start":{"line":225,"column":22},"end":{"line":225,"column":null}},"56":{"start":{"line":227,"column":2},"end":{"line":232,"column":null}},"57":{"start":{"line":247,"column":22},"end":{"line":247,"column":null}},"58":{"start":{"line":248,"column":22},"end":{"line":248,"column":null}},"59":{"start":{"line":249,"column":19},"end":{"line":249,"column":null}},"60":{"start":{"line":252,"column":23},"end":{"line":252,"column":null}},"61":{"start":{"line":253,"column":27},"end":{"line":253,"column":null}},"62":{"start":{"line":255,"column":2},"end":{"line":255,"column":null}},"63":{"start":{"line":256,"column":2},"end":{"line":256,"column":null}},"64":{"start":{"line":257,"column":2},"end":{"line":257,"column":null}},"65":{"start":{"line":258,"column":2},"end":{"line":258,"column":null}},"66":{"start":{"line":259,"column":2},"end":{"line":259,"column":null}},"67":{"start":{"line":260,"column":2},"end":{"line":260,"column":null}},"68":{"start":{"line":261,"column":2},"end":{"line":261,"column":null}},"69":{"start":{"line":262,"column":2},"end":{"line":262,"column":null}},"70":{"start":{"line":264,"column":2},"end":{"line":264,"column":null}}},"fnMap":{"0":{"name":"removeTrackSuffixes","decl":{"start":{"line":17,"column":16},"end":{"line":17,"column":36}},"loc":{"start":{"line":17,"column":58},"end":{"line":56,"column":null}},"line":17},"1":{"name":"phoneticNormalize","decl":{"start":{"line":61,"column":9},"end":{"line":61,"column":27}},"loc":{"start":{"line":61,"column":49},"end":{"line":76,"column":null}},"line":61},"2":{"name":"normalizeText","decl":{"start":{"line":89,"column":16},"end":{"line":89,"column":30}},"loc":{"start":{"line":89,"column":52},"end":{"line":118,"column":null}},"line":89},"3":{"name":"levenshteinDistance","decl":{"start":{"line":128,"column":16},"end":{"line":128,"column":36}},"loc":{"start":{"line":128,"column":66},"end":{"line":160,"column":null}},"line":128},"4":{"name":"fuzzyMatch","decl":{"start":{"line":170,"column":16},"end":{"line":170,"column":27}},"loc":{"start":{"line":170,"column":88},"end":{"line":209,"column":null}},"line":170},"5":{"name":"checkSongGuess","decl":{"start":{"line":219,"column":16},"end":{"line":219,"column":null}},"loc":{"start":{"line":223,"column":15},"end":{"line":233,"column":null}},"line":223},"6":{"name":"debugMatch","decl":{"start":{"line":238,"column":16},"end":{"line":238,"column":null}},"loc":{"start":{"line":246,"column":2},"end":{"line":265,"column":null}},"line":246}},"branchMap":{"0":{"loc":{"start":{"line":18,"column":2},"end":{"line":18,"column":null}},"type":"if","locations":[{"start":{"line":18,"column":2},"end":{"line":18,"column":null}},{"start":{},"end":{}}],"line":18},"1":{"loc":{"start":{"line":62,"column":2},"end":{"line":62,"column":null}},"type":"if","locations":[{"start":{"line":62,"column":2},"end":{"line":62,"column":null}},{"start":{},"end":{}}],"line":62},"2":{"loc":{"start":{"line":90,"column":2},"end":{"line":90,"column":null}},"type":"if","locations":[{"start":{"line":90,"column":2},"end":{"line":90,"column":null}},{"start":{},"end":{}}],"line":90},"3":{"loc":{"start":{"line":129,"column":2},"end":{"line":129,"column":null}},"type":"if","locations":[{"start":{"line":129,"column":2},"end":{"line":129,"column":null}},{"start":{},"end":{}}],"line":129},"4":{"loc":{"start":{"line":129,"column":6},"end":{"line":129,"column":16}},"type":"binary-expr","locations":[{"start":{"line":129,"column":6},"end":{"line":129,"column":12}},{"start":{"line":129,"column":12},"end":{"line":129,"column":16}}],"line":129},"5":{"loc":{"start":{"line":129,"column":32},"end":{"line":129,"column":48}},"type":"binary-expr","locations":[{"start":{"line":129,"column":32},"end":{"line":129,"column":45}},{"start":{"line":129,"column":45},"end":{"line":129,"column":48}}],"line":129},"6":{"loc":{"start":{"line":129,"column":48},"end":{"line":129,"column":62}},"type":"binary-expr","locations":[{"start":{"line":129,"column":48},"end":{"line":129,"column":61}},{"start":{"line":129,"column":61},"end":{"line":129,"column":62}}],"line":129},"7":{"loc":{"start":{"line":130,"column":2},"end":{"line":130,"column":null}},"type":"if","locations":[{"start":{"line":130,"column":2},"end":{"line":130,"column":null}},{"start":{},"end":{}}],"line":130},"8":{"loc":{"start":{"line":147,"column":6},"end":{"line":155,"column":null}},"type":"if","locations":[{"start":{"line":147,"column":6},"end":{"line":155,"column":null}},{"start":{"line":149,"column":13},"end":{"line":155,"column":null}}],"line":147},"9":{"loc":{"start":{"line":171,"column":2},"end":{"line":171,"column":null}},"type":"if","locations":[{"start":{"line":171,"column":2},"end":{"line":171,"column":null}},{"start":{},"end":{}}],"line":171},"10":{"loc":{"start":{"line":171,"column":6},"end":{"line":171,"column":26}},"type":"binary-expr","locations":[{"start":{"line":171,"column":6},"end":{"line":171,"column":16}},{"start":{"line":171,"column":16},"end":{"line":171,"column":26}}],"line":171},"11":{"loc":{"start":{"line":178,"column":2},"end":{"line":185,"column":null}},"type":"if","locations":[{"start":{"line":178,"column":2},"end":{"line":185,"column":null}},{"start":{},"end":{}}],"line":178},"12":{"loc":{"start":{"line":188,"column":2},"end":{"line":190,"column":null}},"type":"if","locations":[{"start":{"line":188,"column":2},"end":{"line":190,"column":null}},{"start":{},"end":{}}],"line":188},"13":{"loc":{"start":{"line":193,"column":2},"end":{"line":198,"column":null}},"type":"if","locations":[{"start":{"line":193,"column":2},"end":{"line":198,"column":null}},{"start":{},"end":{}}],"line":193},"14":{"loc":{"start":{"line":194,"column":4},"end":{"line":195,"column":null}},"type":"binary-expr","locations":[{"start":{"line":194,"column":4},"end":{"line":194,"column":null}},{"start":{"line":195,"column":4},"end":{"line":195,"column":null}}],"line":194},"15":{"loc":{"start":{"line":204,"column":2},"end":{"line":206,"column":null}},"type":"if","locations":[{"start":{"line":204,"column":2},"end":{"line":206,"column":null}},{"start":{},"end":{}}],"line":204},"16":{"loc":{"start":{"line":205,"column":65},"end":{"line":205,"column":99}},"type":"cond-expr","locations":[{"start":{"line":205,"column":75},"end":{"line":205,"column":87}},{"start":{"line":205,"column":87},"end":{"line":205,"column":99}}],"line":205},"17":{"loc":{"start":{"line":230,"column":15},"end":{"line":230,"column":null}},"type":"binary-expr","locations":[{"start":{"line":230,"column":15},"end":{"line":230,"column":29}},{"start":{"line":230,"column":29},"end":{"line":230,"column":null}}],"line":230},"18":{"loc":{"start":{"line":231,"column":19},"end":{"line":231,"column":42}},"type":"cond-expr","locations":[{"start":{"line":231,"column":32},"end":{"line":231,"column":36}},{"start":{"line":231,"column":36},"end":{"line":231,"column":42}}],"line":231},"19":{"loc":{"start":{"line":231,"column":42},"end":{"line":231,"column":null}},"type":"cond-expr","locations":[{"start":{"line":231,"column":56},"end":{"line":231,"column":60}},{"start":{"line":231,"column":60},"end":{"line":231,"column":null}}],"line":231}},"s":{"0":175,"1":1,"2":174,"3":174,"4":174,"5":2088,"6":174,"7":151,"8":0,"9":151,"10":152,"11":1,"12":151,"13":151,"14":151,"15":151,"16":151,"17":40,"18":3,"19":37,"20":2,"21":35,"22":35,"23":35,"24":306,"25":35,"26":35,"27":277,"28":35,"29":35,"30":271,"31":271,"32":2245,"33":226,"34":2019,"35":35,"36":65,"37":3,"38":62,"39":62,"40":62,"41":60,"42":60,"43":60,"44":60,"45":62,"46":34,"47":28,"48":5,"49":23,"50":23,"51":23,"52":23,"53":23,"54":7,"55":7,"56":7,"57":0,"58":0,"59":0,"60":0,"61":0,"62":0,"63":0,"64":0,"65":0,"66":0,"67":0,"68":0,"69":0,"70":0},"f":{"0":175,"1":151,"2":152,"3":40,"4":65,"5":7,"6":0},"b":{"0":[1,174],"1":[0,151],"2":[1,151],"3":[3,37],"4":[40,38],"5":[3,2],"6":[3,2],"7":[2,35],"8":[226,2019],"9":[3,62],"10":[65,63],"11":[60,2],"12":[34,28],"13":[5,23],"14":[28,24],"15":[23,0],"16":[9,14],"17":[7,5],"18":[5,2],"19":[5,2]},"meta":{"lastBranch":20,"lastFunction":7,"lastStatement":71,"seen":{"f:17:16:17:36":0,"b:18:2:18:Infinity:undefined:undefined:undefined:undefined":0,"s:18:2:18:Infinity":0,"s:18:13:18:Infinity":1,"s:20:25:48:Infinity":2,"s:50:16:50:Infinity":3,"s:51:2:53:Infinity":4,"s:52:4:52:Infinity":5,"s:55:2:55:Infinity":6,"f:61:9:61:27":1,"b:62:2:62:Infinity:undefined:undefined:undefined:undefined":1,"s:62:2:62:Infinity":7,"s:62:13:62:Infinity":8,"s:64:2:75:Infinity":9,"f:89:16:89:30":2,"b:90:2:90:Infinity:undefined:undefined:undefined:undefined":2,"s:90:2:90:Infinity":10,"s:90:13:90:Infinity":11,"s:92:19:97:Infinity":12,"s:100:2:100:Infinity":13,"s:103:2:112:Infinity":14,"s:115:2:115:Infinity":15,"s:117:2:117:Infinity":16,"f:128:16:128:36":3,"b:129:2:129:Infinity:undefined:undefined:undefined:undefined":3,"s:129:2:129:Infinity":17,"b:129:6:129:12:129:12:129:16":4,"s:129:16:129:Infinity":18,"b:129:32:129:45:129:45:129:48":5,"b:129:48:129:61:129:61:129:62":6,"b:130:2:130:Infinity:undefined:undefined:undefined:undefined":7,"s:130:2:130:Infinity":19,"s:130:15:130:Infinity":20,"s:132:29:132:Infinity":21,"s:135:2:137:Infinity":22,"s:135:15:135:18":23,"s:136:4:136:Infinity":24,"s:140:2:142:Infinity":25,"s:140:15:140:18":26,"s:141:4:141:Infinity":27,"s:145:2:157:Infinity":28,"s:145:15:145:18":29,"s:146:4:156:Infinity":30,"s:146:17:146:20":31,"b:147:6:155:Infinity:149:13:155:Infinity":8,"s:147:6:155:Infinity":32,"s:148:8:148:Infinity":33,"s:150:8:154:Infinity":34,"s:159:2:159:Infinity":35,"f:170:16:170:27":4,"b:171:2:171:Infinity:undefined:undefined:undefined:undefined":9,"s:171:2:171:Infinity":36,"b:171:6:171:16:171:16:171:26":10,"s:171:26:171:Infinity":37,"s:174:26:174:Infinity":38,"s:175:28:175:Infinity":39,"b:178:2:185:Infinity:undefined:undefined:undefined:undefined":11,"s:178:2:185:Infinity":40,"s:180:25:180:Infinity":41,"s:181:4:181:Infinity":42,"s:183:4:183:Infinity":43,"s:184:4:184:Infinity":44,"b:188:2:190:Infinity:undefined:undefined:undefined:undefined":12,"s:188:2:190:Infinity":45,"s:189:4:189:Infinity":46,"b:193:2:198:Infinity:undefined:undefined:undefined:undefined":13,"s:193:2:198:Infinity":47,"b:194:4:194:Infinity:195:4:195:Infinity":14,"s:197:4:197:Infinity":48,"s:201:19:201:Infinity":49,"s:202:18:202:Infinity":50,"b:204:2:206:Infinity:undefined:undefined:undefined:undefined":15,"s:204:2:206:Infinity":51,"s:205:4:205:Infinity":52,"b:205:75:205:87:205:87:205:99":16,"s:208:2:208:Infinity":53,"f:219:16:219:Infinity":5,"s:224:21:224:Infinity":54,"s:225:22:225:Infinity":55,"s:227:2:232:Infinity":56,"b:230:15:230:29:230:29:230:Infinity":17,"b:231:32:231:36:231:36:231:42":18,"b:231:56:231:60:231:60:231:Infinity":19,"f:238:16:238:Infinity":6,"s:247:22:247:Infinity":57,"s:248:22:248:Infinity":58,"s:249:19:249:Infinity":59,"s:252:23:252:Infinity":60,"s:253:27:253:Infinity":61,"s:255:2:255:Infinity":62,"s:256:2:256:Infinity":63,"s:257:2:257:Infinity":64,"s:258:2:258:Infinity":65,"s:259:2:259:Infinity":66,"s:260:2:260:Infinity":67,"s:261:2:261:Infinity":68,"s:262:2:262:Infinity":69,"s:264:2:264:Infinity":70}}}
}
